<?xml version="1.0" encoding="UTF-8"?>
<!-- Generated by org.testng.reporters.JUnitReportReporter -->
<testsuite hostname="LAPTOP-FRN2CLS6" failures="0" tests="6" name="tests.WelcomeHomePageTest" time="47.115" errors="0" timestamp="2022-08-09T16:08:53 EDT" skipped="0">
  <testcase classname="tests.WelcomeHomePageTest" name="ClickOnAgentlogin" time="9.980"/>
  <system-out/>
  <testcase classname="tests.WelcomeHomePageTest" name="Title" time="7.065"/>
  <system-out/>
  <testcase classname="tests.WelcomeHomePageTest" name="ClickOnLogin" time="7.201"/>
  <system-out/>
  <testcase classname="tests.WelcomeHomePageTest" name="VerifyingIELTSlogo" time="7.178"/>
  <system-out/>
  <testcase classname="tests.WelcomeHomePageTest" name="ClickOnRegisterButton" time="8.507"/>
  <system-out/>
  <testcase classname="tests.WelcomeHomePageTest" name="VerifyingBClogo" time="7.184"/>
  <system-out/>
</testsuite> <!-- tests.WelcomeHomePageTest -->
