<?xml version="1.0" encoding="UTF-8"?>
<!-- Generated by org.testng.reporters.JUnitReportReporter -->
<testsuite hostname="LAPTOP-FRN2CLS6" failures="0" tests="1" name="tests.RegisterPageTest" time="14.452" errors="0" timestamp="2022-08-09T16:08:53 EDT" skipped="0">
  <testcase classname="tests.RegisterPageTest" name="RegisterUser" time="14.452"/>
  <system-out/>
</testsuite> <!-- tests.RegisterPageTest -->
