<?xml version="1.0" encoding="UTF-8"?>
<!-- Generated by org.testng.reporters.JUnitReportReporter -->
<testsuite hostname="LAPTOP-FRN2CLS6" failures="0" tests="6" name="tests.WelcomeHomePageTest" time="47.973" errors="0" timestamp="10 Aug. 2022 19:05:16 GMT" skipped="0">
  <testcase classname="tests.WelcomeHomePageTest" name="ClickOnRegisterButton" time="7.641"/>
  <testcase classname="tests.WelcomeHomePageTest" name="ClickOnLogin" time="8.081"/>
  <testcase classname="tests.WelcomeHomePageTest" name="VerifyingBClogo" time="7.596"/>
  <testcase classname="tests.WelcomeHomePageTest" name="VerifyingIELTSlogo" time="7.422"/>
  <testcase classname="tests.WelcomeHomePageTest" name="Title" time="6.701"/>
  <testcase classname="tests.WelcomeHomePageTest" name="ClickOnAgentlogin" time="10.532"/>
</testsuite> <!-- tests.WelcomeHomePageTest -->
