<?xml version="1.0" encoding="UTF-8"?>
<!-- Generated by org.testng.reporters.JUnitReportReporter -->
<testsuite hostname="LAPTOP-FRN2CLS6" failures="0" tests="1" name="tests.RegisterPageTest" time="10.595" errors="0" timestamp="10 Aug. 2022 19:05:16 GMT" skipped="0">
  <testcase classname="tests.RegisterPageTest" name="RegisterUser" time="10.595"/>
</testsuite> <!-- tests.RegisterPageTest -->
